<?xml version="1.0" encoding="UTF-8"?>
<testsuite name="com.github.alekseyvideman.seleniumdemo.SeleniumWebDriverDemoTest" tests="6" skipped="1" failures="0" errors="0" timestamp="2024-05-08T23:58:15" hostname="DESKTOP-627FV57" time="7.388">
  <properties/>
  <testcase name="Авторизоваться пользователем Harry Potter" classname="com.github.alekseyvideman.seleniumdemo.SeleniumWebDriverDemoTest" time="3.212"/>
  <testcase name="Выполнить Deposit на сумму из п.4" classname="com.github.alekseyvideman.seleniumdemo.SeleniumWebDriverDemoTest" time="1.928"/>
  <testcase name="calcFibbonacci()" classname="com.github.alekseyvideman.seleniumdemo.SeleniumWebDriverDemoTest" time="0.001">
    <skipped/>
  </testcase>
  <testcase name="Выполнить Withdraw на сумму из п.4" classname="com.github.alekseyvideman.seleniumdemo.SeleniumWebDriverDemoTest" time="1.454"/>
  <testcase name="Баланс равен 0" classname="com.github.alekseyvideman.seleniumdemo.SeleniumWebDriverDemoTest" time="0.031"/>
  <testcase name="Открыть страницу транзакций и проверить наличие обеих транзакций" classname="com.github.alekseyvideman.seleniumdemo.SeleniumWebDriverDemoTest" time="0.546"/>
  <system-out><![CDATA[]]></system-out>
  <system-err><![CDATA[мая 09, 2024 6:58:09 AM org.openqa.selenium.remote.tracing.opentelemetry.OpenTelemetryTracer createTracer
INFO: Using OpenTelemetry for tracing
]]></system-err>
</testsuite>
